<?xml version="1.0" encoding="UTF-8"?>
<!-- Generated by org.testng.reporters.JUnitReportReporter -->
<testsuite hostname="PC-X" failures="0" tests="1" name="scripts.Search" time="199.371" errors="0" timestamp="2025-03-03T15:33:55 EST" skipped="0">
  <testcase classname="scripts.Search" name="prod" time="199.371">
    <system-out>
      <![CDATA[List size is: 10
selenium
selenium benefits
selenium supplement
selenium foods
selenium sulfide
selenium sulfide shampoo
selenium toxicity
selenium vitamin
selenium python
selenium deficiency
Title is: Google]]>
    </system-out>
  </testcase> <!-- prod -->
  <system-out>
    <![CDATA[List size is: 10
selenium
selenium benefits
selenium supplement
selenium foods
selenium sulfide
selenium sulfide shampoo
selenium toxicity
selenium vitamin
selenium python
selenium deficiency
Title is: Google]]>
  </system-out>
</testsuite> <!-- scripts.Search -->
