<?xml version="1.0" encoding="UTF-8"?>
<!-- Generated by org.testng.reporters.JUnitReportReporter -->
<testsuite hostname="PC-X" failures="0" tests="1" name="scripts.AddToBag" time="18.447" errors="0" timestamp="2025-03-05T00:14:09 EST" skipped="0">
  <testcase classname="scripts.AddToBag" name="addToBag" time="18.447">
    <system-out>
      <![CDATA[Title is: Buy Aviator Sunglasses For Men Online & Get Up To 50% Off
Title is: Buy RAYBAN Unisex Aviator UV protected lens Sunglasses | Shoppers Stop
URL is: https://www.shoppersstop.com/cart/bag
Product is: Unisex Aviator UV protected lens Sunglasses
VERIFY OTP]]>
    </system-out>
  </testcase> <!-- addToBag -->
  <system-out>
    <![CDATA[Title is: Buy Aviator Sunglasses For Men Online & Get Up To 50% Off
Title is: Buy RAYBAN Unisex Aviator UV protected lens Sunglasses | Shoppers Stop
URL is: https://www.shoppersstop.com/cart/bag
Product is: Unisex Aviator UV protected lens Sunglasses
VERIFY OTP]]>
  </system-out>
</testsuite> <!-- scripts.AddToBag -->
