<?xml version="1.0" encoding="UTF-8"?>
<!-- Generated by org.testng.reporters.JUnitReportReporter -->
<testsuite hostname="PC-X" failures="0" tests="1" name="scripts.Home" time="4.157" errors="0" timestamp="2025-03-04T21:09:40 EST" skipped="0">
  <testcase classname="scripts.Home" name="home" time="4.157">
    <system-out>
      <![CDATA[Title is: Buy Aviator Sunglasses For Men Online & Get Up To 50% Off]]>
    </system-out>
  </testcase> <!-- home -->
  <system-out>
    <![CDATA[Title is: Buy Aviator Sunglasses For Men Online & Get Up To 50% Off]]>
  </system-out>
</testsuite> <!-- scripts.Home -->
