<?xml version="1.0" encoding="UTF-8"?>
<!-- Generated by org.testng.reporters.JUnitReportReporter -->
<testsuite hostname="PC-X" failures="0" tests="1" name="scripts.Login" time="1.716" errors="0" timestamp="2025-06-02T19:24:37 EDT" skipped="0">
  <testcase classname="scripts.Login" name="search" time="1.716">
    <system-out>
      <![CDATA[Title is: Logged In Successfully | Practice Test Automation]]>
    </system-out>
  </testcase> <!-- search -->
  <system-out>
    <![CDATA[Title is: Logged In Successfully | Practice Test Automation]]>
  </system-out>
</testsuite> <!-- scripts.Login -->
