<?xml version="1.0" encoding="UTF-8"?>
<!-- Generated by org.testng.reporters.JUnitReportReporter -->
<testsuite hostname="PC-X" failures="0" tests="1" name="scripts.Search" time="1.689" errors="0" timestamp="2025-06-04T18:35:29 EDT" skipped="0">
  <testcase classname="scripts.Search" name="prod" time="1.689">
    <system-out>
      <![CDATA[List size is: 10
selenium
selenium benefits
selenium supplement
selenium foods
selenium sulfide
selenium sulfide shampoo
selenium vitamin
selenium toxicity
selenium python
selenium deficiency
Title is: Google]]>
    </system-out>
  </testcase> <!-- prod -->
  <system-out>
    <![CDATA[List size is: 10
selenium
selenium benefits
selenium supplement
selenium foods
selenium sulfide
selenium sulfide shampoo
selenium vitamin
selenium toxicity
selenium python
selenium deficiency
Title is: Google
Title is: Logged In Successfully | Practice Test Automation]]>
  </system-out>
</testsuite> <!-- scripts.Search -->
